<?xml version="1.0" encoding="utf-8"?><testsuites name="pytest tests"><testsuite name="pytest" errors="0" failures="0" skipped="0" tests="11" time="1.179" timestamp="2026-04-20T12:14:47.512985+00:00" hostname="agent-env-28231f65-fc74-4e71-a0c9-b91f1352ef34"><testcase classname="backend.tests.backend_test" name="test_root" time="0.262" /><testcase classname="backend.tests.backend_test.TestContact" name="test_create_and_list_contact" time="0.108" /><testcase classname="backend.tests.backend_test.TestContact" name="test_contact_validation" time="0.053" /><testcase classname="backend.tests.backend_test.TestAdmissions" name="test_create_and_list_admission" time="0.103" /><testcase classname="backend.tests.backend_test.TestAdmissions" name="test_admission_empty_notes" time="0.053" /><testcase classname="backend.tests.backend_test.TestEvents" name="test_seeded_events_sorted" time="0.052" /><testcase classname="backend.tests.backend_test.TestEvents" name="test_create_and_delete_event" time="0.151" /><testcase classname="backend.tests.backend_test.TestNewsletter" name="test_subscribe_valid_email" time="0.054" /><testcase classname="backend.tests.backend_test.TestNewsletter" name="test_subscribe_idempotent" time="0.107" /><testcase classname="backend.tests.backend_test.TestNewsletter" name="test_subscribe_invalid_email" time="0.049" /><testcase classname="backend.tests.backend_test.TestNewsletter" name="test_list_newsletter_no_mongo_id" time="0.095" /></testsuite></testsuites>