<?xml version="1.0" encoding="utf-8"?><testsuites name="pytest tests"><testsuite name="pytest" errors="0" failures="0" skipped="0" tests="7" time="0.729" timestamp="2026-04-18T19:24:50.546404+00:00" hostname="agent-env-28231f65-fc74-4e71-a0c9-b91f1352ef34"><testcase classname="backend.tests.backend_test" name="test_root" time="0.165" /><testcase classname="backend.tests.backend_test.TestContact" name="test_create_and_list_contact" time="0.106" /><testcase classname="backend.tests.backend_test.TestContact" name="test_contact_validation" time="0.044" /><testcase classname="backend.tests.backend_test.TestAdmissions" name="test_create_and_list_admission" time="0.107" /><testcase classname="backend.tests.backend_test.TestAdmissions" name="test_admission_empty_notes" time="0.044" /><testcase classname="backend.tests.backend_test.TestEvents" name="test_seeded_events_sorted" time="0.047" /><testcase classname="backend.tests.backend_test.TestEvents" name="test_create_and_delete_event" time="0.138" /></testsuite></testsuites>